Drill report for VR-Stick.kicad_pcb
Created on Do 06 Jul 2023 23:31:07 CEST

Copper Layer Stackup:
    =============================================================
    L1 :  F.Cu                      front
    L2 :  B.Cu                      back


Drill file 'VR-Stick-PTH-drl.gbr' contains
    plated through holes:
    =============================================================
    T1  0,400mm  0,0157"  (20 holes)
    T2  0,600mm  0,0236"  (4 holes)  (with 4 slots)
    T3  1,000mm  0,0394"  (23 holes)
    T4  2,000mm  0,0787"  (2 holes)
    T5  2,200mm  0,0866"  (1 hole)

    Total plated holes count 50


Drill file 'VR-Stick-NPTH-drl.gbr' contains
    unplated through holes:
    =============================================================
    T1  0,650mm  0,0256"  (2 holes)
    T2  2,200mm  0,0866"  (1 hole)

    Total unplated holes count 3
